<?xml version="1.0" encoding="UTF-8"?>
<!-- Generated by org.testng.reporters.JUnitReportReporter -->
<testsuite skipped="0" hostname="SJO-533JZW2LT" name="com.qa.testCases.LoginPageTest" tests="2" failures="0" timestamp="2020-01-27T11:26:39 MST" time="36.108" errors="0">
  <testcase name="LoginPageTitleTest" time="12.949" classname="com.qa.testCases.LoginPageTest"/>
  <testcase name="loginTest" time="23.159" classname="com.qa.testCases.LoginPageTest"/>
</testsuite> <!-- com.qa.testCases.LoginPageTest -->
