<?xml version="1.0" encoding="UTF-8"?>
<!-- Generated by org.testng.reporters.JUnitReportReporter -->
<testsuite skipped="0" hostname="SJO-533JZW2LT" name="com.qa.testCases.HomePageTest" tests="2" failures="0" timestamp="2020-01-27T13:25:41 MST" time="45.871" errors="0">
  <testcase name="validateSalesByMonthMetricNotExpendedTest" time="22.877" classname="com.qa.testCases.HomePageTest"/>
  <testcase name="validateCloseExpendedViewTest" time="22.994" classname="com.qa.testCases.HomePageTest"/>
</testsuite> <!-- com.qa.testCases.HomePageTest -->
