<?xml version="1.0" encoding="UTF-8"?>
<!-- Generated by org.testng.reporters.JUnitReportReporter -->
<testsuite skipped="0" hostname="SJO-533JZW2LT" name="com.qa.testCases.HomePageTest" tests="2" failures="0" timestamp="2020-01-27T17:26:08 MST" time="62.006" errors="0">
  <testcase name="validateSalesByMonthMetricNotExpendedTest" time="31.521" classname="com.qa.testCases.HomePageTest"/>
  <testcase name="validateCloseExpendedViewTest" time="30.485" classname="com.qa.testCases.HomePageTest"/>
</testsuite> <!-- com.qa.testCases.HomePageTest -->
