<?xml version="1.0" encoding="UTF-8"?>
<!-- Generated by org.testng.reporters.JUnitReportReporter -->
<testsuite skipped="0" hostname="SJO-533JZW2LT" name="com.qa.testCases.HomePageTest" tests="2" failures="0" timestamp="2020-01-27T17:44:48 MST" time="49.179" errors="0">
  <testcase name="validateSalesByMonthMetricNotExpendedTest" time="18.879" classname="com.qa.testCases.HomePageTest"/>
  <testcase name="validateCloseExpendedViewTest" time="30.300" classname="com.qa.testCases.HomePageTest"/>
</testsuite> <!-- com.qa.testCases.HomePageTest -->
